2021-08-16 08:58:59,809 INFO c.t.j.d.JDBCDemo [main] Connection to DB successfull
2021-08-16 09:07:54,236 INFO c.t.j.d.JDBCDemo [main] Connection to DB successful
2021-08-16 09:08:09,897 DEBUG c.t.j.d.JDBCDemo [main] Connection to DB successful
2021-08-16 09:09:02,205 DEBUG c.t.j.d.JDBCDemo [main] Connection to DB successful
2021-08-16 09:09:02,950 DEBUG c.t.j.d.JDBCDemo [main] Americas
2021-08-16 09:09:02,951 DEBUG c.t.j.d.JDBCDemo [main] Asia
2021-08-16 09:09:02,951 DEBUG c.t.j.d.JDBCDemo [main] Europe
2021-08-16 09:09:02,952 DEBUG c.t.j.d.JDBCDemo [main] Middle East and Africa
2021-08-16 09:24:30,305 DEBUG c.t.j.d.JDBCDemo [main] Connection to DB successful
2021-08-16 09:24:30,966 DEBUG c.t.j.d.JDBCDemo [main] [Americas, Asia, Middle East and Africa]
2021-08-16 09:24:30,968 DEBUG c.t.j.d.JDBCDemo [main] Americas
2021-08-16 09:24:30,968 DEBUG c.t.j.d.JDBCDemo [main] Asia
2021-08-16 09:24:30,969 DEBUG c.t.j.d.JDBCDemo [main] Europe
2021-08-16 09:24:30,969 DEBUG c.t.j.d.JDBCDemo [main] Middle East and Africa
2021-08-16 09:42:59,860 DEBUG c.t.j.d.JDBCDemo [main] Connection to DB successful
2021-08-16 09:43:00,593 DEBUG c.t.j.d.JDBCDemo [main] [Americas, Asia, Middle East and Africa]
2021-08-16 09:43:00,594 DEBUG c.t.j.d.JDBCDemo [main] Americas
2021-08-16 09:43:00,594 DEBUG c.t.j.d.JDBCDemo [main] Asia
2021-08-16 09:43:00,594 DEBUG c.t.j.d.JDBCDemo [main] Europe
2021-08-16 09:43:00,594 DEBUG c.t.j.d.JDBCDemo [main] Middle East and Africa
2021-08-16 09:44:38,221 DEBUG c.t.j.d.JDBCDemo [main] Connection to DB successful
2021-08-16 09:44:38,913 DEBUG c.t.j.d.JDBCDemo [main] [Americas, Asia, Middle East and Africa]
2021-08-16 09:44:38,915 DEBUG c.t.j.d.JDBCDemo [main] Americas
2021-08-16 09:44:38,915 DEBUG c.t.j.d.JDBCDemo [main] Asia
2021-08-16 09:44:38,915 DEBUG c.t.j.d.JDBCDemo [main] Europe
2021-08-16 09:44:38,916 DEBUG c.t.j.d.JDBCDemo [main] Middle East and Africa
2021-08-16 09:47:32,496 DEBUG c.t.j.d.JDBCDemo [main] Connection to DB successful
2021-08-16 09:47:33,156 DEBUG c.t.j.d.JDBCDemo [main] [Americas, Asia, Middle East and Africa]
2021-08-16 09:47:33,158 DEBUG c.t.j.d.JDBCDemo [main] Americas
2021-08-16 09:47:33,158 DEBUG c.t.j.d.JDBCDemo [main] Asia
2021-08-16 09:47:33,158 DEBUG c.t.j.d.JDBCDemo [main] Europe
2021-08-16 09:47:33,158 DEBUG c.t.j.d.JDBCDemo [main] Middle East and Africa
2021-08-16 09:48:09,570 DEBUG c.t.j.d.JDBCDemo [main] Connection to DB successful
2021-08-16 09:48:10,263 DEBUG c.t.j.d.JDBCDemo [main] id=1
2021-08-16 09:48:10,263 DEBUG c.t.j.d.JDBCDemo [main] Europe
2021-08-16 09:48:10,263 DEBUG c.t.j.d.JDBCDemo [main] id=2
2021-08-16 09:48:10,264 DEBUG c.t.j.d.JDBCDemo [main] Americas
2021-08-16 09:48:10,264 DEBUG c.t.j.d.JDBCDemo [main] id=3
2021-08-16 09:48:10,264 DEBUG c.t.j.d.JDBCDemo [main] Asia
2021-08-16 09:48:10,264 DEBUG c.t.j.d.JDBCDemo [main] id=4
2021-08-16 09:48:10,264 DEBUG c.t.j.d.JDBCDemo [main] Middle East and Africa
2021-08-16 09:48:10,266 DEBUG c.t.j.d.JDBCDemo [main] [Americas, Asia, Middle East and Africa]
